# JRE version: OpenJDK Runtime Environment Temurin-17.0.2+8 (17.0.2+8) (build 17.0.2+8)
# Java VM: OpenJDK 64-Bit Server VM Temurin-17.0.2+8 (17.0.2+8, mixed mode, tiered, compressed oops, compressed class ptrs, g1 gc, windows-amd64)
GC Precious Log:
 CPUs: 8 total, 8 available
 Memory: 24270M
 Large Page Support: Disabled
 NUMA Support: Disabled
 Compressed Oops: Enabled (Zero based)
 Heap Region Size: 4M
 Heap Min Capacity: 8M
 Heap Initial Capacity: 380M
 Heap Max Capacity: 6068M
 Pre-touch: Disabled
 Parallel Workers: 8
 Concurrent Workers: 2
 Concurrent Refinement Workers: 8
 Periodic GC: Disabled
Heap:
 garbage-first heap   total 139264K, used 81778K [0x0000000684c00000, 0x0000000800000000)
  region size 4096K, 6 young (24576K), 1 survivors (4096K)
 Metaspace       used 131787K, committed 133696K, reserved 1171456K
  class space    used 12825K, committed 13824K, reserved 1048576K
GC Heap History (20 events):
Event: 60431.726 GC heap before
{Heap before GC invocations=2121 (full 42):
 garbage-first heap   total 139264K, used 111265K [0x0000000684c00000, 0x0000000800000000)
  region size 4096K, 11 young (45056K), 1 survivors (4096K)
 Metaspace       used 131773K, committed 133696K, reserved 1171456K
  class space    used 12824K, committed 13824K, reserved 1048576K
}
Event: 60431.727 GC heap after
{Heap after GC invocations=2122 (full 42):
 garbage-first heap   total 139264K, used 69413K [0x0000000684c00000, 0x0000000800000000)
  region size 4096K, 1 young (4096K), 1 survivors (4096K)
 Metaspace       used 131773K, committed 133696K, reserved 1171456K
  class space    used 12824K, committed 13824K, reserved 1048576K
}
Event: 60442.058 GC heap before
{Heap before GC invocations=2122 (full 42):
 garbage-first heap   total 139264K, used 110373K [0x0000000684c00000, 0x0000000800000000)
  region size 4096K, 11 young (45056K), 1 survivors (4096K)
 Metaspace       used 131773K, committed 133696K, reserved 1171456K
  class space    used 12824K, committed 13824K, reserved 1048576K
}
Event: 60442.059 GC heap after
{Heap after GC invocations=2123 (full 42):
 garbage-first heap   total 139264K, used 69743K [0x0000000684c00000, 0x0000000800000000)
  region size 4096K, 1 young (4096K), 1 survivors (4096K)
 Metaspace       used 131773K, committed 133696K, reserved 1171456K
  class space    used 12824K, committed 13824K, reserved 1048576K
}
Event: 60452.190 GC heap before
{Heap before GC invocations=2123 (full 42):
 garbage-first heap   total 139264K, used 110703K [0x0000000684c00000, 0x0000000800000000)
  region size 4096K, 11 young (45056K), 1 survivors (4096K)
 Metaspace       used 131773K, committed 133696K, reserved 1171456K
  class space    used 12824K, committed 13824K, reserved 1048576K
}
Event: 60452.192 GC heap after
{Heap after GC invocations=2124 (full 42):
 garbage-first heap   total 139264K, used 69640K [0x0000000684c00000, 0x0000000800000000)
  region size 4096K, 1 young (4096K), 1 survivors (4096K)
 Metaspace       used 131773K, committed 133696K, reserved 1171456K
  class space    used 12824K, committed 13824K, reserved 1048576K
}
Event: 60461.677 GC heap before
{Heap before GC invocations=2124 (full 42):
 garbage-first heap   total 139264K, used 110600K [0x0000000684c00000, 0x0000000800000000)
  region size 4096K, 11 young (45056K), 1 survivors (4096K)
 Metaspace       used 131773K, committed 133696K, reserved 1171456K
  class space    used 12824K, committed 13824K, reserved 1048576K
}
Event: 60461.679 GC heap after
{Heap after GC invocations=2125 (full 42):
 garbage-first heap   total 139264K, used 70041K [0x0000000684c00000, 0x0000000800000000)
  region size 4096K, 1 young (4096K), 1 survivors (4096K)
 Metaspace       used 131773K, committed 133696K, reserved 1171456K
  class space    used 12824K, committed 13824K, reserved 1048576K
}
Event: 60471.200 GC heap before
{Heap before GC invocations=2125 (full 42):
 garbage-first heap   total 139264K, used 111001K [0x0000000684c00000, 0x0000000800000000)
  region size 4096K, 11 young (45056K), 1 survivors (4096K)
 Metaspace       used 131773K, committed 133696K, reserved 1171456K
  class space    used 12824K, committed 13824K, reserved 1048576K
}
Event: 60471.202 GC heap after
{Heap after GC invocations=2126 (full 42):
 garbage-first heap   total 139264K, used 70316K [0x0000000684c00000, 0x0000000800000000)
  region size 4096K, 1 young (4096K), 1 survivors (4096K)
 Metaspace       used 131773K, committed 133696K, reserved 1171456K
  class space    used 12824K, committed 13824K, reserved 1048576K
}
Event: 60481.186 GC heap before
{Heap before GC invocations=2126 (full 42):
 garbage-first heap   total 139264K, used 111276K [0x0000000684c00000, 0x0000000800000000)
  region size 4096K, 11 young (45056K), 1 survivors (4096K)
 Metaspace       used 131773K, committed 133696K, reserved 1171456K
  class space    used 12824K, committed 13824K, reserved 1048576K
}
Event: 60481.188 GC heap after
{Heap after GC invocations=2127 (full 42):
 garbage-first heap   total 139264K, used 69496K [0x0000000684c00000, 0x0000000800000000)
  region size 4096K, 1 young (4096K), 1 survivors (4096K)
 Metaspace       used 131773K, committed 133696K, reserved 1171456K
  class space    used 12824K, committed 13824K, reserved 1048576K
}
Event: 60490.516 GC heap before
{Heap before GC invocations=2127 (full 42):
 garbage-first heap   total 139264K, used 110456K [0x0000000684c00000, 0x0000000800000000)
  region size 4096K, 11 young (45056K), 1 survivors (4096K)
 Metaspace       used 131773K, committed 133696K, reserved 1171456K
  class space    used 12824K, committed 13824K, reserved 1048576K
}
Event: 60490.518 GC heap after
{Heap after GC invocations=2128 (full 42):
 garbage-first heap   total 139264K, used 69808K [0x0000000684c00000, 0x0000000800000000)
  region size 4096K, 1 young (4096K), 1 survivors (4096K)
 Metaspace       used 131773K, committed 133696K, reserved 1171456K
  class space    used 12824K, committed 13824K, reserved 1048576K
}
Event: 60499.813 GC heap before
{Heap before GC invocations=2128 (full 42):
 garbage-first heap   total 139264K, used 110768K [0x0000000684c00000, 0x0000000800000000)
  region size 4096K, 11 young (45056K), 1 survivors (4096K)
 Metaspace       used 131773K, committed 133696K, reserved 1171456K
  class space    used 12824K, committed 13824K, reserved 1048576K
}
Event: 60499.815 GC heap after
{Heap after GC invocations=2129 (full 42):
 garbage-first heap   total 139264K, used 70192K [0x0000000684c00000, 0x0000000800000000)
  region size 4096K, 1 young (4096K), 1 survivors (4096K)
 Metaspace       used 131773K, committed 133696K, reserved 1171456K
  class space    used 12824K, committed 13824K, reserved 1048576K
}
Event: 60509.471 GC heap before
{Heap before GC invocations=2129 (full 42):
 garbage-first heap   total 139264K, used 111152K [0x0000000684c00000, 0x0000000800000000)
  region size 4096K, 11 young (45056K), 1 survivors (4096K)
 Metaspace       used 131773K, committed 133696K, reserved 1171456K
  class space    used 12824K, committed 13824K, reserved 1048576K
}
Event: 60509.471 GC heap after
{Heap after GC invocations=2130 (full 42):
 garbage-first heap   total 139264K, used 69602K [0x0000000684c00000, 0x0000000800000000)
  region size 4096K, 1 young (4096K), 1 survivors (4096K)
 Metaspace       used 131773K, committed 133696K, reserved 1171456K
  class space    used 12824K, committed 13824K, reserved 1048576K
}
Event: 60518.792 GC heap before
{Heap before GC invocations=2130 (full 42):
 garbage-first heap   total 139264K, used 110562K [0x0000000684c00000, 0x0000000800000000)
  region size 4096K, 11 young (45056K), 1 survivors (4096K)
 Metaspace       used 131773K, committed 133696K, reserved 1171456K
  class space    used 12824K, committed 13824K, reserved 1048576K
}
Event: 60518.793 GC heap after
{Heap after GC invocations=2131 (full 42):
 garbage-first heap   total 139264K, used 69490K [0x0000000684c00000, 0x0000000800000000)
  region size 4096K, 1 young (4096K), 1 survivors (4096K)
 Metaspace       used 131773K, committed 133696K, reserved 1171456K
  class space    used 12824K, committed 13824K, reserved 1048576K
}

